<?xml version="1.0" encoding="UTF-8"?>
<testsuite name="com.rfb.web.rest.UserResourceIntTest" tests="18" skipped="0" failures="0" errors="0" timestamp="2018-05-18T20:21:01" hostname="MacBook-Air-4.local" time="2.998">
  <properties/>
  <testcase name="createUserWithExistingEmail" classname="com.rfb.web.rest.UserResourceIntTest" time="0.597"/>
  <testcase name="createUserWithExistingLogin" classname="com.rfb.web.rest.UserResourceIntTest" time="0.194"/>
  <testcase name="getAllUsers" classname="com.rfb.web.rest.UserResourceIntTest" time="0.24"/>
  <testcase name="updateUser" classname="com.rfb.web.rest.UserResourceIntTest" time="0.207"/>
  <testcase name="getAllAuthorities" classname="com.rfb.web.rest.UserResourceIntTest" time="0.117"/>
  <testcase name="getUser" classname="com.rfb.web.rest.UserResourceIntTest" time="0.122"/>
  <testcase name="createUserWithExistingId" classname="com.rfb.web.rest.UserResourceIntTest" time="0.158"/>
  <testcase name="testUserDTOtoUser" classname="com.rfb.web.rest.UserResourceIntTest" time="0.105"/>
  <testcase name="testUserEquals" classname="com.rfb.web.rest.UserResourceIntTest" time="0.125"/>
  <testcase name="getNonExistingUser" classname="com.rfb.web.rest.UserResourceIntTest" time="0.119"/>
  <testcase name="testUserFromId" classname="com.rfb.web.rest.UserResourceIntTest" time="0.081"/>
  <testcase name="testAuthorityEquals" classname="com.rfb.web.rest.UserResourceIntTest" time="0.091"/>
  <testcase name="updateUserExistingEmail" classname="com.rfb.web.rest.UserResourceIntTest" time="0.115"/>
  <testcase name="updateUserExistingLogin" classname="com.rfb.web.rest.UserResourceIntTest" time="0.122"/>
  <testcase name="createUser" classname="com.rfb.web.rest.UserResourceIntTest" time="0.197"/>
  <testcase name="updateUserLogin" classname="com.rfb.web.rest.UserResourceIntTest" time="0.156"/>
  <testcase name="deleteUser" classname="com.rfb.web.rest.UserResourceIntTest" time="0.134"/>
  <testcase name="testUserToUserDTO" classname="com.rfb.web.rest.UserResourceIntTest" time="0.092"/>
  <system-out><![CDATA[2018-05-18 16:21:01.956 ERROR 2943 --- [    Test worker] com.rfb.web.rest.util.HeaderUtil         : Entity processing failed, Email address already in use
2018-05-18 16:21:01.957  WARN 2943 --- [    Test worker] o.z.p.spring.web.advice.AdviceTrait      : Bad Request: Email address already in use
2018-05-18 16:21:02.240 ERROR 2943 --- [    Test worker] com.rfb.web.rest.util.HeaderUtil         : Entity processing failed, Login already in use
2018-05-18 16:21:02.241  WARN 2943 --- [    Test worker] o.z.p.spring.web.advice.AdviceTrait      : Bad Request: Login already in use
2018-05-18 16:21:03.095 ERROR 2943 --- [    Test worker] com.rfb.web.rest.util.HeaderUtil         : Entity processing failed, A new user cannot already have an ID
2018-05-18 16:21:03.095  WARN 2943 --- [    Test worker] o.z.p.spring.web.advice.AdviceTrait      : Bad Request: A new user cannot already have an ID
2018-05-18 16:21:03.747 ERROR 2943 --- [    Test worker] com.rfb.web.rest.util.HeaderUtil         : Entity processing failed, Email address already in use
2018-05-18 16:21:03.747  WARN 2943 --- [    Test worker] o.z.p.spring.web.advice.AdviceTrait      : Bad Request: Email address already in use
2018-05-18 16:21:03.869 ERROR 2943 --- [    Test worker] com.rfb.web.rest.util.HeaderUtil         : Entity processing failed, Login already in use
2018-05-18 16:21:03.870  WARN 2943 --- [    Test worker] o.z.p.spring.web.advice.AdviceTrait      : Bad Request: Login already in use
]]></system-out>
  <system-err><![CDATA[]]></system-err>
</testsuite>
