<?xml version="1.0" encoding="UTF-8"?>
<testsuite name="com.rfb.security.DomainUserDetailsServiceIntTest" tests="6" skipped="0" failures="0" errors="0" timestamp="2018-05-18T20:21:01" hostname="MacBook-Air-4.local" time="0.362">
  <properties/>
  <testcase name="assertThatEmailIsPrioritizedOverLogin" classname="com.rfb.security.DomainUserDetailsServiceIntTest" time="0.181"/>
  <testcase name="assertThatUserNotActivatedExceptionIsThrownForNotActivatedUsers" classname="com.rfb.security.DomainUserDetailsServiceIntTest" time="0.042"/>
  <testcase name="assertThatUserCanBeFoundByLoginIgnoreCase" classname="com.rfb.security.DomainUserDetailsServiceIntTest" time="0.039"/>
  <testcase name="assertThatUserCanBeFoundByEmailIgnoreCase" classname="com.rfb.security.DomainUserDetailsServiceIntTest" time="0.032"/>
  <testcase name="assertThatUserCanBeFoundByEmail" classname="com.rfb.security.DomainUserDetailsServiceIntTest" time="0.027"/>
  <testcase name="assertThatUserCanBeFoundByLogin" classname="com.rfb.security.DomainUserDetailsServiceIntTest" time="0.028"/>
  <system-out><![CDATA[]]></system-out>
  <system-err><![CDATA[]]></system-err>
</testsuite>
