<?xml version="1.0" encoding="UTF-8"?>
<testsuite name="com.rfb.security.SecurityUtilsUnitTest" tests="4" skipped="0" failures="0" errors="0" timestamp="2018-05-18T20:21:01" hostname="MacBook-Air-4.local" time="0.012">
  <properties/>
  <testcase name="testIsCurrentUserInRole" classname="com.rfb.security.SecurityUtilsUnitTest" time="0.007"/>
  <testcase name="testIsAuthenticated" classname="com.rfb.security.SecurityUtilsUnitTest" time="0.001"/>
  <testcase name="testgetCurrentUserLogin" classname="com.rfb.security.SecurityUtilsUnitTest" time="0.002"/>
  <testcase name="testAnonymousIsNotAuthenticated" classname="com.rfb.security.SecurityUtilsUnitTest" time="0.0"/>
  <system-out><![CDATA[]]></system-out>
  <system-err><![CDATA[]]></system-err>
</testsuite>
