<?xml version="1.0" encoding="UTF-8"?>
<testsuite name="com.rfb.service.MailServiceIntTest" tests="9" skipped="0" failures="0" errors="0" timestamp="2018-05-18T20:21:12" hostname="MacBook-Air-4.local" time="0.164">
  <properties/>
  <testcase name="testSendPasswordResetMail" classname="com.rfb.service.MailServiceIntTest" time="0.036"/>
  <testcase name="testCreationEmail" classname="com.rfb.service.MailServiceIntTest" time="0.012"/>
  <testcase name="testSendEmailWithException" classname="com.rfb.service.MailServiceIntTest" time="0.013"/>
  <testcase name="testSendHtmlEmail" classname="com.rfb.service.MailServiceIntTest" time="0.008"/>
  <testcase name="testSendMultipartHtmlEmail" classname="com.rfb.service.MailServiceIntTest" time="0.042"/>
  <testcase name="testSendEmail" classname="com.rfb.service.MailServiceIntTest" time="0.007"/>
  <testcase name="testSendMultipartEmail" classname="com.rfb.service.MailServiceIntTest" time="0.006"/>
  <testcase name="testSendActivationEmail" classname="com.rfb.service.MailServiceIntTest" time="0.012"/>
  <testcase name="testSendEmailFromTemplate" classname="com.rfb.service.MailServiceIntTest" time="0.009"/>
  <system-out><![CDATA[2018-05-18 16:21:12.510  WARN 2943 --- [    Test worker] com.rfb.service.MailService              : Email could not be sent to user 'john.doe@example.com': null
]]></system-out>
  <system-err><![CDATA[]]></system-err>
</testsuite>
