<?xml version="1.0" encoding="UTF-8"?>
<testsuite name="com.rfb.service.UserServiceIntTest" tests="9" skipped="0" failures="0" errors="0" timestamp="2018-05-18T20:21:12" hostname="MacBook-Air-4.local" time="0.258">
  <properties/>
  <testcase name="assertThatOnlyActivatedUserCanRequestPasswordReset" classname="com.rfb.service.UserServiceIntTest" time="0.012"/>
  <testcase name="assertThatUserMustExistToResetPassword" classname="com.rfb.service.UserServiceIntTest" time="0.014"/>
  <testcase name="assertThatAnonymousUserIsNotGet" classname="com.rfb.service.UserServiceIntTest" time="0.026"/>
  <testcase name="assertThatResetKeyMustBeValid" classname="com.rfb.service.UserServiceIntTest" time="0.011"/>
  <testcase name="testRemoveNotActivatedUsers" classname="com.rfb.service.UserServiceIntTest" time="0.024"/>
  <testcase name="assertThatUserCanResetPassword" classname="com.rfb.service.UserServiceIntTest" time="0.106"/>
  <testcase name="testFindNotActivatedUsersByCreationDateBefore" classname="com.rfb.service.UserServiceIntTest" time="0.018"/>
  <testcase name="testRemoveOldPersistentTokens" classname="com.rfb.service.UserServiceIntTest" time="0.026"/>
  <testcase name="assertThatResetKeyMustNotBeOlderThan24Hours" classname="com.rfb.service.UserServiceIntTest" time="0.012"/>
  <system-out><![CDATA[]]></system-out>
  <system-err><![CDATA[]]></system-err>
</testsuite>
