<?xml version="1.0" encoding="UTF-8"?>
<testsuite name="com.rfb.repository.CustomAuditEventRepositoryIntTest" tests="11" skipped="0" failures="0" errors="0" timestamp="2018-05-18T20:20:59" hostname="MacBook-Air-4.local" time="0.891">
  <properties/>
  <testcase name="testFindByPrincipal" classname="com.rfb.repository.CustomAuditEventRepositoryIntTest" time="0.646"/>
  <testcase name="testAddEventWithWebAuthenticationDetails" classname="com.rfb.repository.CustomAuditEventRepositoryIntTest" time="0.019"/>
  <testcase name="testAddEventWithNullData" classname="com.rfb.repository.CustomAuditEventRepositoryIntTest" time="0.019"/>
  <testcase name="addAuditEventTruncateLargeData" classname="com.rfb.repository.CustomAuditEventRepositoryIntTest" time="0.026"/>
  <testcase name="addAuditEventWithAuthorizationFailureType" classname="com.rfb.repository.CustomAuditEventRepositoryIntTest" time="0.01"/>
  <testcase name="findByPrincipalAndType" classname="com.rfb.repository.CustomAuditEventRepositoryIntTest" time="0.045"/>
  <testcase name="addAuditEventWithAnonymousUser" classname="com.rfb.repository.CustomAuditEventRepositoryIntTest" time="0.011"/>
  <testcase name="testFindAfter" classname="com.rfb.repository.CustomAuditEventRepositoryIntTest" time="0.03"/>
  <testcase name="testFindByPrincipalIsNullAndAfterIsNull" classname="com.rfb.repository.CustomAuditEventRepositoryIntTest" time="0.028"/>
  <testcase name="testFindByPrincipalNotNullAndAfterIsNull" classname="com.rfb.repository.CustomAuditEventRepositoryIntTest" time="0.019"/>
  <testcase name="addAuditEvent" classname="com.rfb.repository.CustomAuditEventRepositoryIntTest" time="0.016"/>
  <system-out><![CDATA[
        ██╗ ██╗   ██╗ ████████╗ ███████╗   ██████╗ ████████╗ ████████╗ ███████╗
        ██║ ██║   ██║ ╚══██╔══╝ ██╔═══██╗ ██╔════╝ ╚══██╔══╝ ██╔═════╝ ██╔═══██╗
        ██║ ████████║    ██║    ███████╔╝ ╚█████╗     ██║    ██████╗   ███████╔╝
  ██╗   ██║ ██╔═══██║    ██║    ██╔════╝   ╚═══██╗    ██║    ██╔═══╝   ██╔══██║
  ╚██████╔╝ ██║   ██║ ████████╗ ██║       ██████╔╝    ██║    ████████╗ ██║  ╚██╗
   ╚═════╝  ╚═╝   ╚═╝ ╚═══════╝ ╚═╝       ╚═════╝     ╚═╝    ╚═══════╝ ╚═╝   ╚═╝

:: JHipster ??  :: Running Spring Boot 1.5.13.RELEASE ::
:: http://www.jhipster.tech ::

2018-05-18 16:20:41.667  INFO 2943 --- [    Test worker] c.r.r.CustomAuditEventRepositoryIntTest  : Starting CustomAuditEventRepositoryIntTest on MacBook-Air-4.local with PID 2943 (started by johnfracassi in /Users/johnfracassi/jhip/master/rfb-loyalty)
2018-05-18 16:20:41.675  INFO 2943 --- [    Test worker] c.r.r.CustomAuditEventRepositoryIntTest  : No active profile set, falling back to default profiles: default
2018-05-18 16:20:46.434  INFO 2943 --- [    Test worker] com.rfb.config.MetricsConfiguration      : Initializing Metrics Log reporting
2018-05-18 16:20:51.805  INFO 2943 --- [    Test worker] com.rfb.config.LoggingConfiguration      : Initializing Logstash logging
2018-05-18 16:20:51.937  INFO 2943 --- [    Test worker] com.rfb.config.LoggingConfiguration      : Filtering metrics logs from all appenders except the LOGSTASH appender
2018-05-18 16:20:59.432  INFO 2943 --- [    Test worker] c.r.r.CustomAuditEventRepositoryIntTest  : Started CustomAuditEventRepositoryIntTest in 19.785 seconds (JVM running for 22.215)
2018-05-18 16:21:00.190  WARN 2943 --- [    Test worker] c.r.r.CustomAuditEventRepository         : Event data for test-key too long (265) has been truncated to 255. Consider increasing column width.
]]></system-out>
  <system-err><![CDATA[]]></system-err>
</testsuite>
