<?xml version="1.0" encoding="UTF-8"?>
<testsuite name="com.rfb.web.rest.LogsResourceIntTest" tests="3" skipped="0" failures="0" errors="0" timestamp="2018-05-18T20:21:04" hostname="MacBook-Air-4.local" time="0.116">
  <properties/>
  <testcase name="changeLogs" classname="com.rfb.web.rest.LogsResourceIntTest" time="0.037"/>
  <testcase name="getAllLogs" classname="com.rfb.web.rest.LogsResourceIntTest" time="0.057"/>
  <testcase name="testLogstashAppender" classname="com.rfb.web.rest.LogsResourceIntTest" time="0.02"/>
  <system-out><![CDATA[2018-05-18 16:21:04.638  WARN 2943 --- [alty-Executor-1] com.rfb.service.MailService              : Email could not be sent to user 'johndoe@localhost': Mail server connection failed; nested exception is com.sun.mail.util.MailConnectException: Couldn't connect to host, port: localhost, 25; timeout -1;
  nested exception is:
	java.net.ConnectException: Connection refused (Connection refused). Failed messages: com.sun.mail.util.MailConnectException: Couldn't connect to host, port: localhost, 25; timeout -1;
  nested exception is:
	java.net.ConnectException: Connection refused (Connection refused)
]]></system-out>
  <system-err><![CDATA[]]></system-err>
</testsuite>
